<?xml version="1.0" encoding="UTF-8" standalone="no"?>
<!DOCTYPE log SYSTEM "logger.dtd">
<log>
<record>
  <date>2023-11-22T09:00:14.803792300Z</date>
  <millis>1700643614803</millis>
  <nanos>792300</nanos>
  <sequence>0</sequence>
  <level>START</level>
  <class>com.kms.katalon.core.logging.XmlKeywordLogger</class>
  <method>startSuite</method>
  <thread>1</thread>
  <message>Start Test Suite : Test Suites/Senior/Senior_Signup_Type</message>
  <nestedLevel>0</nestedLevel>
  <escapedJava>false</escapedJava>
  <property name="rerunTestFailImmediately">true</property>
  <property name="retryCount">3</property>
  <property name="name">Senior_Signup_Type</property>
  <property name="description"></property>
  <property name="id">Test Suites/Senior/Senior_Signup_Type</property>
</record>
<record>
  <date>2023-11-22T09:00:14.813800Z</date>
  <millis>1700643614813</millis>
  <nanos>800000</nanos>
  <sequence>1</sequence>
  <level>RUN_DATA</level>
  <class>com.kms.katalon.core.logging.XmlKeywordLogger</class>
  <method>logMessage</method>
  <thread>1</thread>
  <message>hostName = PalakGupta - LININDAUG23-266</message>
  <nestedLevel>0</nestedLevel>
  <escapedJava>false</escapedJava>
  <property name="hostName">PalakGupta - LININDAUG23-266</property>
</record>
<record>
  <date>2023-11-22T09:00:14.814805200Z</date>
  <millis>1700643614814</millis>
  <nanos>805200</nanos>
  <sequence>2</sequence>
  <level>RUN_DATA</level>
  <class>com.kms.katalon.core.logging.XmlKeywordLogger</class>
  <method>logMessage</method>
  <thread>1</thread>
  <message>os = Windows 11 64bit</message>
  <nestedLevel>0</nestedLevel>
  <escapedJava>false</escapedJava>
  <property name="os">Windows 11 64bit</property>
</record>
<record>
  <date>2023-11-22T09:00:14.814805200Z</date>
  <millis>1700643614814</millis>
  <nanos>805200</nanos>
  <sequence>3</sequence>
  <level>RUN_DATA</level>
  <class>com.kms.katalon.core.logging.XmlKeywordLogger</class>
  <method>logMessage</method>
  <thread>1</thread>
  <message>hostAddress = 192.168.0.107</message>
  <nestedLevel>0</nestedLevel>
  <escapedJava>false</escapedJava>
  <property name="hostAddress">192.168.0.107</property>
</record>
<record>
  <date>2023-11-22T09:00:14.815964700Z</date>
  <millis>1700643614815</millis>
  <nanos>964700</nanos>
  <sequence>4</sequence>
  <level>RUN_DATA</level>
  <class>com.kms.katalon.core.logging.XmlKeywordLogger</class>
  <method>logMessage</method>
  <thread>1</thread>
  <message>katalonVersion = 9.0.0.212</message>
  <nestedLevel>0</nestedLevel>
  <escapedJava>false</escapedJava>
  <property name="katalonVersion">9.0.0.212</property>
</record>
<record>
  <date>2023-11-22T09:00:15.087043600Z</date>
  <millis>1700643615087</millis>
  <nanos>43600</nanos>
  <sequence>5</sequence>
  <level>START</level>
  <class>com.kms.katalon.core.logging.XmlKeywordLogger</class>
  <method>startTest</method>
  <thread>1</thread>
  <message>Start Test Case : Test Cases/Senior/Senior_Signup_Type</message>
  <nestedLevel>1</nestedLevel>
  <escapedJava>false</escapedJava>
  <property name="remainingRetryCount">3</property>
  <property name="name">Test Cases/Senior/Senior_Signup_Type</property>
  <property name="description"></property>
  <property name="iteration"></property>
  <property name="id">Test Cases/Senior/Senior_Signup_Type</property>
  <property name="source">C:\Users\PalakGupta\OneDrive - pursuit software development pvt. ltd\Desktop\Automation_CaringConnection\Test Cases\Senior\Senior_Signup_Type.tc</property>
  <property name="tag"></property>
  <property name="isOptional">false</property>
  <property name="currentRetryCount">0</property>
</record>
<record>
  <date>2023-11-22T09:00:15.134883600Z</date>
  <millis>1700643615134</millis>
  <nanos>883600</nanos>
  <sequence>7</sequence>
  <level>INFO</level>
  <class>com.kms.katalon.core.logging.XmlKeywordLogger</class>
  <method>logMessage</method>
  <thread>1</thread>
  <message>UserName = Palak</message>
  <nestedLevel>1</nestedLevel>
  <escapedJava>false</escapedJava>
</record>
<record>
  <date>2023-11-22T09:00:15.135943700Z</date>
  <millis>1700643615135</millis>
  <nanos>943700</nanos>
  <sequence>8</sequence>
  <level>INFO</level>
  <class>com.kms.katalon.core.logging.XmlKeywordLogger</class>
  <method>logMessage</method>
  <thread>1</thread>
  <message>ZipCode = 464646</message>
  <nestedLevel>1</nestedLevel>
  <escapedJava>false</escapedJava>
</record>
<record>
  <date>2023-11-22T09:00:15.137162900Z</date>
  <millis>1700643615137</millis>
  <nanos>162900</nanos>
  <sequence>9</sequence>
  <level>INFO</level>
  <class>com.kms.katalon.core.logging.XmlKeywordLogger</class>
  <method>logMessage</method>
  <thread>1</thread>
  <message>Email = pgpalak207@gmail.com</message>
  <nestedLevel>1</nestedLevel>
  <escapedJava>false</escapedJava>
</record>
<record>
  <date>2023-11-22T09:00:15.138206400Z</date>
  <millis>1700643615138</millis>
  <nanos>206400</nanos>
  <sequence>10</sequence>
  <level>INFO</level>
  <class>com.kms.katalon.core.logging.XmlKeywordLogger</class>
  <method>logMessage</method>
  <thread>1</thread>
  <message>Password = Test@123</message>
  <nestedLevel>1</nestedLevel>
  <escapedJava>false</escapedJava>
</record>
<record>
  <date>2023-11-22T09:00:15.139207200Z</date>
  <millis>1700643615139</millis>
  <nanos>207200</nanos>
  <sequence>11</sequence>
  <level>INFO</level>
  <class>com.kms.katalon.core.logging.XmlKeywordLogger</class>
  <method>logMessage</method>
  <thread>1</thread>
  <message>Profile = Greetings, I&amp;apos;m Palak, a seasoned explorer in the journey of life, joyfully celebrating my 58 years of existence. With a background in environmental science, I dedicated decades to understanding and preserving the natural world. Beyond scientific pursuits, I find solace in the rhythm of pottery, shaping clay into intricate forms, and the therapeutic art of cooking. In a companion, I seek someone who shares my passion for environmental conservation and has an appreciation for the creative blend of artistry and sustainable living. Health-wise, I&amp;apos;ve faced challenges with asthma, but with careful management and regular breathing exercises, I continue to pursue my passions with vigor. Life has been a captivating adventure, and I look forward to molding new experiences with a like-minded soul who appreciates the beauty of nature and the creativity of the human spirit.</message>
  <nestedLevel>1</nestedLevel>
  <escapedJava>false</escapedJava>
</record>
<record>
  <date>2023-11-22T09:00:15.139207200Z</date>
  <millis>1700643615139</millis>
  <nanos>207200</nanos>
  <sequence>12</sequence>
  <level>INFO</level>
  <class>com.kms.katalon.core.logging.XmlKeywordLogger</class>
  <method>logMessage</method>
  <thread>1</thread>
  <message>EducationNew = With a background in environmental science, I dedicated decades to understanding and preserving the natural world.</message>
  <nestedLevel>1</nestedLevel>
  <escapedJava>false</escapedJava>
</record>
<record>
  <date>2023-11-22T09:00:15.140705700Z</date>
  <millis>1700643615140</millis>
  <nanos>705700</nanos>
  <sequence>13</sequence>
  <level>INFO</level>
  <class>com.kms.katalon.core.logging.XmlKeywordLogger</class>
  <method>logMessage</method>
  <thread>1</thread>
  <message>HobbiesNew =  Beyond scientific pursuits, I find solace in the rhythm of pottery, shaping clay into intricate forms, and the therapeutic art of cooking.</message>
  <nestedLevel>1</nestedLevel>
  <escapedJava>false</escapedJava>
</record>
<record>
  <date>2023-11-22T09:00:15.140705700Z</date>
  <millis>1700643615140</millis>
  <nanos>705700</nanos>
  <sequence>14</sequence>
  <level>INFO</level>
  <class>com.kms.katalon.core.logging.XmlKeywordLogger</class>
  <method>logMessage</method>
  <thread>1</thread>
  <message>ExpectationsNew = In a companion, I seek someone who shares my passion for environmental conservation and has an appreciation for the creative blend of artistry and sustainable living.</message>
  <nestedLevel>1</nestedLevel>
  <escapedJava>false</escapedJava>
</record>
<record>
  <date>2023-11-22T09:00:15.140705700Z</date>
  <millis>1700643615140</millis>
  <nanos>705700</nanos>
  <sequence>15</sequence>
  <level>INFO</level>
  <class>com.kms.katalon.core.logging.XmlKeywordLogger</class>
  <method>logMessage</method>
  <thread>1</thread>
  <message>OtherNew =  Health-wise, I&amp;apos;ve faced challenges with asthma, but with careful management and regular breathing exercises, I continue to pursue my passions with vigor. Life has been a captivating adventure, and I look forward to molding new experiences with a like-minded soul who appreciates the beauty of nature and the creativity of the human spirit.</message>
  <nestedLevel>1</nestedLevel>
  <escapedJava>false</escapedJava>
</record>
<record>
  <date>2023-11-22T09:00:15.465464900Z</date>
  <millis>1700643615465</millis>
  <nanos>464900</nanos>
  <sequence>16</sequence>
  <level>START</level>
  <class>com.kms.katalon.core.logging.XmlKeywordLogger</class>
  <method>startKeyword</method>
  <thread>1</thread>
  <message>Start action : openBrowser(&amp;quot;https://caring-connections-qa.azurewebsites.net/&amp;quot;)</message>
  <nestedLevel>1</nestedLevel>
  <escapedJava>false</escapedJava>
  <property name="startLine">42</property>
  <property name="stepIndex">1</property>
</record>
<record>
  <date>2023-11-22T09:00:15.653473600Z</date>
  <millis>1700643615653</millis>
  <nanos>473600</nanos>
  <sequence>18</sequence>
  <level>INFO</level>
  <class>com.kms.katalon.core.logging.XmlKeywordLogger</class>
  <method>logMessage</method>
  <thread>1</thread>
  <message>Starting &amp;apos;Chrome&amp;apos; driver</message>
  <nestedLevel>1</nestedLevel>
  <escapedJava>false</escapedJava>
</record>
<record>
  <date>2023-11-22T09:00:15.693470100Z</date>
  <millis>1700643615693</millis>
  <nanos>470100</nanos>
  <sequence>20</sequence>
  <level>INFO</level>
  <class>com.kms.katalon.core.logging.XmlKeywordLogger</class>
  <method>logMessage</method>
  <thread>1</thread>
  <message>Action delay is set to 0 milliseconds</message>
  <nestedLevel>1</nestedLevel>
  <escapedJava>false</escapedJava>
</record>
<record>
  <date>2023-11-22T09:00:16.853666200Z</date>
  <millis>1700643616853</millis>
  <nanos>666200</nanos>
  <sequence>22</sequence>
  <level>RUN_DATA</level>
  <class>com.kms.katalon.core.logging.XmlKeywordLogger</class>
  <method>logMessage</method>
  <thread>1</thread>
  <message>sessionId = d296de58028024c3d76cb69fd5869322</message>
  <nestedLevel>1</nestedLevel>
  <escapedJava>false</escapedJava>
  <property name="sessionId">d296de58028024c3d76cb69fd5869322</property>
</record>
<record>
  <date>2023-11-22T09:00:16.869237500Z</date>
  <millis>1700643616869</millis>
  <nanos>237500</nanos>
  <sequence>23</sequence>
  <level>RUN_DATA</level>
  <class>com.kms.katalon.core.logging.XmlKeywordLogger</class>
  <method>logMessage</method>
  <thread>1</thread>
  <message>browser = Chrome 119.0.0.0</message>
  <nestedLevel>1</nestedLevel>
  <escapedJava>false</escapedJava>
  <property name="browser">Chrome 119.0.0.0</property>
</record>
<record>
  <date>2023-11-22T09:00:16.870301500Z</date>
  <millis>1700643616870</millis>
  <nanos>301500</nanos>
  <sequence>24</sequence>
  <level>RUN_DATA</level>
  <class>com.kms.katalon.core.logging.XmlKeywordLogger</class>
  <method>logMessage</method>
  <thread>1</thread>
  <message>platform = Windows 11</message>
  <nestedLevel>1</nestedLevel>
  <escapedJava>false</escapedJava>
  <property name="platform">Windows 11</property>
</record>
<record>
  <date>2023-11-22T09:00:16.870301500Z</date>
  <millis>1700643616870</millis>
  <nanos>301500</nanos>
  <sequence>25</sequence>
  <level>RUN_DATA</level>
  <class>com.kms.katalon.core.logging.XmlKeywordLogger</class>
  <method>logMessage</method>
  <thread>1</thread>
  <message>seleniumVersion = 3.141.59</message>
  <nestedLevel>1</nestedLevel>
  <escapedJava>false</escapedJava>
  <property name="seleniumVersion">3.141.59</property>
</record>
<record>
  <date>2023-11-22T09:00:16.870301500Z</date>
  <millis>1700643616870</millis>
  <nanos>301500</nanos>
  <sequence>26</sequence>
  <level>RUN_DATA</level>
  <class>com.kms.katalon.core.logging.XmlKeywordLogger</class>
  <method>logMessage</method>
  <thread>1</thread>
  <message>proxyInformation = ProxyInformation { proxyOption=NO_PROXY, proxyServerType=HTTP, username=, password=********, proxyServerAddress=, proxyServerPort=0, executionList=&amp;quot;&amp;quot;, isApplyToDesiredCapabilities=true }</message>
  <nestedLevel>1</nestedLevel>
  <escapedJava>false</escapedJava>
  <property name="proxyInformation">ProxyInformation { proxyOption=NO_PROXY, proxyServerType=HTTP, username=, password=********, proxyServerAddress=, proxyServerPort=0, executionList=&quot;&quot;, isApplyToDesiredCapabilities=true }</property>
</record>
<record>
  <date>2023-11-22T09:00:19.526648100Z</date>
  <millis>1700643619526</millis>
  <nanos>648100</nanos>
  <sequence>28</sequence>
  <level>PASSED</level>
  <class>com.kms.katalon.core.logging.XmlKeywordLogger</class>
  <method>logMessage</method>
  <thread>1</thread>
  <message>Browser is opened with url: &amp;apos;https://caring-connections-qa.azurewebsites.net/&amp;apos;</message>
  <nestedLevel>1</nestedLevel>
  <escapedJava>false</escapedJava>
  <property name="testops-method-name">com.kms.katalon.core.webui.keyword.builtin.OpenBrowserKeyword.openBrowser</property>
  <property name="testops-execution-stacktrace"></property>
</record>
<record>
  <date>2023-11-22T09:00:19.527647500Z</date>
  <millis>1700643619527</millis>
  <nanos>647500</nanos>
  <sequence>29</sequence>
  <level>END</level>
  <class>com.kms.katalon.core.logging.XmlKeywordLogger</class>
  <method>endKeyword</method>
  <thread>1</thread>
  <message>End action : openBrowser(&amp;quot;https://caring-connections-qa.azurewebsites.net/&amp;quot;)</message>
  <nestedLevel>1</nestedLevel>
  <escapedJava>false</escapedJava>
</record>
<record>
  <date>2023-11-22T09:00:19.528648400Z</date>
  <millis>1700643619528</millis>
  <nanos>648400</nanos>
  <sequence>30</sequence>
  <level>START</level>
  <class>com.kms.katalon.core.logging.XmlKeywordLogger</class>
  <method>startKeyword</method>
  <thread>1</thread>
  <message>Start action : click(findTestObject(&amp;quot;Login_Pages/Sign_In_Page/button_Sign_Up&amp;quot;))</message>
  <nestedLevel>1</nestedLevel>
  <escapedJava>false</escapedJava>
  <property name="startLine">45</property>
  <property name="stepIndex">2</property>
</record>
<record>
  <date>2023-11-22T09:00:22.854023500Z</date>
  <millis>1700643622854</millis>
  <nanos>23500</nanos>
  <sequence>41</sequence>
  <level>PASSED</level>
  <class>com.kms.katalon.core.logging.XmlKeywordLogger</class>
  <method>logMessage</method>
  <thread>1</thread>
  <message>Object: &amp;apos;Object Repository/Login_Pages/Sign_In_Page/button_Sign_Up&amp;apos; is clicked on</message>
  <nestedLevel>1</nestedLevel>
  <escapedJava>false</escapedJava>
  <property name="testops-method-name">com.kms.katalon.core.webui.keyword.builtin.ClickKeyword.click</property>
  <property name="testops-execution-stacktrace"></property>
</record>
<record>
  <date>2023-11-22T09:00:22.855022400Z</date>
  <millis>1700643622855</millis>
  <nanos>22400</nanos>
  <sequence>42</sequence>
  <level>END</level>
  <class>com.kms.katalon.core.logging.XmlKeywordLogger</class>
  <method>endKeyword</method>
  <thread>1</thread>
  <message>End action : click(findTestObject(&amp;quot;Login_Pages/Sign_In_Page/button_Sign_Up&amp;quot;))</message>
  <nestedLevel>1</nestedLevel>
  <escapedJava>false</escapedJava>
</record>
<record>
  <date>2023-11-22T09:00:22.856022900Z</date>
  <millis>1700643622856</millis>
  <nanos>22900</nanos>
  <sequence>43</sequence>
  <level>START</level>
  <class>com.kms.katalon.core.logging.XmlKeywordLogger</class>
  <method>startKeyword</method>
  <thread>1</thread>
  <message>Start action : setText(findTestObject(&amp;quot;Login_Pages/Sign_Up_Page/Input_First_Last_Name&amp;quot;), UserName)</message>
  <nestedLevel>1</nestedLevel>
  <escapedJava>false</escapedJava>
  <property name="startLine">48</property>
  <property name="stepIndex">3</property>
</record>
<record>
  <date>2023-11-22T09:00:23.646632300Z</date>
  <millis>1700643623646</millis>
  <nanos>632300</nanos>
  <sequence>59</sequence>
  <level>PASSED</level>
  <class>com.kms.katalon.core.logging.XmlKeywordLogger</class>
  <method>logMessage</method>
  <thread>1</thread>
  <message>Text &amp;apos;Palak&amp;apos; is set on object &amp;apos;Object Repository/Login_Pages/Sign_Up_Page/Input_First_Last_Name&amp;apos;</message>
  <nestedLevel>1</nestedLevel>
  <escapedJava>false</escapedJava>
  <property name="testops-method-name">com.kms.katalon.core.webui.keyword.builtin.SetTextKeyword.setText</property>
  <property name="testops-execution-stacktrace"></property>
</record>
<record>
  <date>2023-11-22T09:00:23.648697400Z</date>
  <millis>1700643623648</millis>
  <nanos>697400</nanos>
  <sequence>60</sequence>
  <level>END</level>
  <class>com.kms.katalon.core.logging.XmlKeywordLogger</class>
  <method>endKeyword</method>
  <thread>1</thread>
  <message>End action : setText(findTestObject(&amp;quot;Login_Pages/Sign_Up_Page/Input_First_Last_Name&amp;quot;), UserName)</message>
  <nestedLevel>1</nestedLevel>
  <escapedJava>false</escapedJava>
</record>
<record>
  <date>2023-11-22T09:00:23.649702300Z</date>
  <millis>1700643623649</millis>
  <nanos>702300</nanos>
  <sequence>61</sequence>
  <level>START</level>
  <class>com.kms.katalon.core.logging.XmlKeywordLogger</class>
  <method>startKeyword</method>
  <thread>1</thread>
  <message>Start action : setText(findTestObject(&amp;quot;Login_Pages/Sign_Up_Page/Input_ZIP_code&amp;quot;), ZipCode)</message>
  <nestedLevel>1</nestedLevel>
  <escapedJava>false</escapedJava>
  <property name="startLine">51</property>
  <property name="stepIndex">4</property>
</record>
<record>
  <date>2023-11-22T09:00:24.200666500Z</date>
  <millis>1700643624200</millis>
  <nanos>666500</nanos>
  <sequence>77</sequence>
  <level>PASSED</level>
  <class>com.kms.katalon.core.logging.XmlKeywordLogger</class>
  <method>logMessage</method>
  <thread>1</thread>
  <message>Text &amp;apos;464646&amp;apos; is set on object &amp;apos;Object Repository/Login_Pages/Sign_Up_Page/Input_ZIP_code&amp;apos;</message>
  <nestedLevel>1</nestedLevel>
  <escapedJava>false</escapedJava>
  <property name="testops-method-name">com.kms.katalon.core.webui.keyword.builtin.SetTextKeyword.setText</property>
  <property name="testops-execution-stacktrace"></property>
</record>
<record>
  <date>2023-11-22T09:00:24.201784Z</date>
  <millis>1700643624201</millis>
  <nanos>784000</nanos>
  <sequence>78</sequence>
  <level>END</level>
  <class>com.kms.katalon.core.logging.XmlKeywordLogger</class>
  <method>endKeyword</method>
  <thread>1</thread>
  <message>End action : setText(findTestObject(&amp;quot;Login_Pages/Sign_Up_Page/Input_ZIP_code&amp;quot;), ZipCode)</message>
  <nestedLevel>1</nestedLevel>
  <escapedJava>false</escapedJava>
</record>
<record>
  <date>2023-11-22T09:00:24.201784Z</date>
  <millis>1700643624201</millis>
  <nanos>784000</nanos>
  <sequence>79</sequence>
  <level>START</level>
  <class>com.kms.katalon.core.logging.XmlKeywordLogger</class>
  <method>startKeyword</method>
  <thread>1</thread>
  <message>Start action : setText(findTestObject(&amp;quot;Login_Pages/Sign_Up_Page/Input_Username&amp;quot;), Email)</message>
  <nestedLevel>1</nestedLevel>
  <escapedJava>false</escapedJava>
  <property name="startLine">54</property>
  <property name="stepIndex">5</property>
</record>
<record>
  <date>2023-11-22T09:00:24.777043900Z</date>
  <millis>1700643624777</millis>
  <nanos>43900</nanos>
  <sequence>95</sequence>
  <level>PASSED</level>
  <class>com.kms.katalon.core.logging.XmlKeywordLogger</class>
  <method>logMessage</method>
  <thread>1</thread>
  <message>Text &amp;apos;pgpalak207@gmail.com&amp;apos; is set on object &amp;apos;Object Repository/Login_Pages/Sign_Up_Page/Input_Username&amp;apos;</message>
  <nestedLevel>1</nestedLevel>
  <escapedJava>false</escapedJava>
  <property name="testops-method-name">com.kms.katalon.core.webui.keyword.builtin.SetTextKeyword.setText</property>
  <property name="testops-execution-stacktrace"></property>
</record>
<record>
  <date>2023-11-22T09:00:24.780526Z</date>
  <millis>1700643624780</millis>
  <nanos>526000</nanos>
  <sequence>96</sequence>
  <level>END</level>
  <class>com.kms.katalon.core.logging.XmlKeywordLogger</class>
  <method>endKeyword</method>
  <thread>1</thread>
  <message>End action : setText(findTestObject(&amp;quot;Login_Pages/Sign_Up_Page/Input_Username&amp;quot;), Email)</message>
  <nestedLevel>1</nestedLevel>
  <escapedJava>false</escapedJava>
</record>
<record>
  <date>2023-11-22T09:00:24.780526Z</date>
  <millis>1700643624780</millis>
  <nanos>526000</nanos>
  <sequence>97</sequence>
  <level>START</level>
  <class>com.kms.katalon.core.logging.XmlKeywordLogger</class>
  <method>startKeyword</method>
  <thread>1</thread>
  <message>Start action : setText(findTestObject(&amp;quot;Login_Pages/Sign_Up_Page/Input_Password&amp;quot;), Password)</message>
  <nestedLevel>1</nestedLevel>
  <escapedJava>false</escapedJava>
  <property name="startLine">57</property>
  <property name="stepIndex">6</property>
</record>
<record>
  <date>2023-11-22T09:00:25.345827300Z</date>
  <millis>1700643625345</millis>
  <nanos>827300</nanos>
  <sequence>113</sequence>
  <level>PASSED</level>
  <class>com.kms.katalon.core.logging.XmlKeywordLogger</class>
  <method>logMessage</method>
  <thread>1</thread>
  <message>Text &amp;apos;Test@123&amp;apos; is set on object &amp;apos;Object Repository/Login_Pages/Sign_Up_Page/Input_Password&amp;apos;</message>
  <nestedLevel>1</nestedLevel>
  <escapedJava>false</escapedJava>
  <property name="testops-method-name">com.kms.katalon.core.webui.keyword.builtin.SetTextKeyword.setText</property>
  <property name="testops-execution-stacktrace"></property>
</record>
<record>
  <date>2023-11-22T09:00:25.347156Z</date>
  <millis>1700643625347</millis>
  <nanos>156000</nanos>
  <sequence>114</sequence>
  <level>END</level>
  <class>com.kms.katalon.core.logging.XmlKeywordLogger</class>
  <method>endKeyword</method>
  <thread>1</thread>
  <message>End action : setText(findTestObject(&amp;quot;Login_Pages/Sign_Up_Page/Input_Password&amp;quot;), Password)</message>
  <nestedLevel>1</nestedLevel>
  <escapedJava>false</escapedJava>
</record>
<record>
  <date>2023-11-22T09:00:25.347156Z</date>
  <millis>1700643625347</millis>
  <nanos>156000</nanos>
  <sequence>115</sequence>
  <level>START</level>
  <class>com.kms.katalon.core.logging.XmlKeywordLogger</class>
  <method>startKeyword</method>
  <thread>1</thread>
  <message>Start action : click(findTestObject(&amp;quot;Login_Pages/Sign_Up_Page/button_role_Senior&amp;quot;))</message>
  <nestedLevel>1</nestedLevel>
  <escapedJava>false</escapedJava>
  <property name="startLine">60</property>
  <property name="stepIndex">7</property>
</record>
<record>
  <date>2023-11-22T09:00:25.843547400Z</date>
  <millis>1700643625843</millis>
  <nanos>547400</nanos>
  <sequence>125</sequence>
  <level>PASSED</level>
  <class>com.kms.katalon.core.logging.XmlKeywordLogger</class>
  <method>logMessage</method>
  <thread>1</thread>
  <message>Object: &amp;apos;Object Repository/Login_Pages/Sign_Up_Page/button_role_Senior&amp;apos; is clicked on</message>
  <nestedLevel>1</nestedLevel>
  <escapedJava>false</escapedJava>
  <property name="testops-method-name">com.kms.katalon.core.webui.keyword.builtin.ClickKeyword.click</property>
  <property name="testops-execution-stacktrace"></property>
</record>
<record>
  <date>2023-11-22T09:00:25.846266200Z</date>
  <millis>1700643625846</millis>
  <nanos>266200</nanos>
  <sequence>126</sequence>
  <level>END</level>
  <class>com.kms.katalon.core.logging.XmlKeywordLogger</class>
  <method>endKeyword</method>
  <thread>1</thread>
  <message>End action : click(findTestObject(&amp;quot;Login_Pages/Sign_Up_Page/button_role_Senior&amp;quot;))</message>
  <nestedLevel>1</nestedLevel>
  <escapedJava>false</escapedJava>
</record>
<record>
  <date>2023-11-22T09:00:25.846266200Z</date>
  <millis>1700643625846</millis>
  <nanos>266200</nanos>
  <sequence>127</sequence>
  <level>START</level>
  <class>com.kms.katalon.core.logging.XmlKeywordLogger</class>
  <method>startKeyword</method>
  <thread>1</thread>
  <message>Start action : click(findTestObject(&amp;quot;Login_Pages/Sign_Up_Page/button_Sign_Up&amp;quot;))</message>
  <nestedLevel>1</nestedLevel>
  <escapedJava>false</escapedJava>
  <property name="startLine">63</property>
  <property name="stepIndex">8</property>
</record>
<record>
  <date>2023-11-22T09:00:26.150312100Z</date>
  <millis>1700643626150</millis>
  <nanos>312100</nanos>
  <sequence>137</sequence>
  <level>PASSED</level>
  <class>com.kms.katalon.core.logging.XmlKeywordLogger</class>
  <method>logMessage</method>
  <thread>1</thread>
  <message>Object: &amp;apos;Object Repository/Login_Pages/Sign_Up_Page/button_Sign_Up&amp;apos; is clicked on</message>
  <nestedLevel>1</nestedLevel>
  <escapedJava>false</escapedJava>
  <property name="testops-method-name">com.kms.katalon.core.webui.keyword.builtin.ClickKeyword.click</property>
  <property name="testops-execution-stacktrace"></property>
</record>
<record>
  <date>2023-11-22T09:00:26.152739700Z</date>
  <millis>1700643626152</millis>
  <nanos>739700</nanos>
  <sequence>138</sequence>
  <level>END</level>
  <class>com.kms.katalon.core.logging.XmlKeywordLogger</class>
  <method>endKeyword</method>
  <thread>1</thread>
  <message>End action : click(findTestObject(&amp;quot;Login_Pages/Sign_Up_Page/button_Sign_Up&amp;quot;))</message>
  <nestedLevel>1</nestedLevel>
  <escapedJava>false</escapedJava>
</record>
<record>
  <date>2023-11-22T09:00:26.152739700Z</date>
  <millis>1700643626152</millis>
  <nanos>739700</nanos>
  <sequence>139</sequence>
  <level>START</level>
  <class>com.kms.katalon.core.logging.XmlKeywordLogger</class>
  <method>startKeyword</method>
  <thread>1</thread>
  <message>Start action : verifyElementPresent(findTestObject(&amp;quot;Profile_Creation_Page/Profile_Creation_Page_Objects/Text_Expectations_From_Senior&amp;quot;), 0)</message>
  <nestedLevel>1</nestedLevel>
  <escapedJava>false</escapedJava>
  <property name="startLine">67</property>
  <property name="stepIndex">9</property>
</record>
<record>
  <date>2023-11-22T09:00:26.199929100Z</date>
  <millis>1700643626199</millis>
  <nanos>929100</nanos>
  <sequence>144</sequence>
  <level>WARNING</level>
  <class>com.kms.katalon.core.logging.XmlKeywordLogger</class>
  <method>logMessage</method>
  <thread>1</thread>
  <message>Timeout &amp;apos;0&amp;apos; is invalid. Using default page load timeout: &amp;apos;30&amp;apos;</message>
  <nestedLevel>1</nestedLevel>
  <escapedJava>false</escapedJava>
</record>
<record>
  <date>2023-11-22T09:00:32.222068300Z</date>
  <millis>1700643632222</millis>
  <nanos>68300</nanos>
  <sequence>148</sequence>
  <level>PASSED</level>
  <class>com.kms.katalon.core.logging.XmlKeywordLogger</class>
  <method>logMessage</method>
  <thread>1</thread>
  <message>Object &amp;apos;Object Repository/Profile_Creation_Page/Profile_Creation_Page_Objects/Text_Expectations_From_Senior&amp;apos; is present</message>
  <nestedLevel>1</nestedLevel>
  <escapedJava>false</escapedJava>
  <property name="testops-is-assertion">true</property>
  <property name="testops-method-name">com.kms.katalon.core.webui.keyword.builtin.VerifyElementPresentKeyword.verifyElementPresent</property>
  <property name="testops-execution-stacktrace"></property>
</record>
<record>
  <date>2023-11-22T09:00:32.224091300Z</date>
  <millis>1700643632224</millis>
  <nanos>91300</nanos>
  <sequence>149</sequence>
  <level>END</level>
  <class>com.kms.katalon.core.logging.XmlKeywordLogger</class>
  <method>endKeyword</method>
  <thread>1</thread>
  <message>End action : verifyElementPresent(findTestObject(&amp;quot;Profile_Creation_Page/Profile_Creation_Page_Objects/Text_Expectations_From_Senior&amp;quot;), 0)</message>
  <nestedLevel>1</nestedLevel>
  <escapedJava>false</escapedJava>
</record>
<record>
  <date>2023-11-22T09:00:32.224091300Z</date>
  <millis>1700643632224</millis>
  <nanos>91300</nanos>
  <sequence>150</sequence>
  <level>START</level>
  <class>com.kms.katalon.core.logging.XmlKeywordLogger</class>
  <method>startKeyword</method>
  <thread>1</thread>
  <message>Start action : verifyElementPresent(findTestObject(&amp;quot;Profile_Creation_Page/Profile_Creation_Page_Objects/Text_Select the button of your choice to create your profile&amp;quot;), 0)</message>
  <nestedLevel>1</nestedLevel>
  <escapedJava>false</escapedJava>
  <property name="startLine">71</property>
  <property name="stepIndex">10</property>
</record>
<record>
  <date>2023-11-22T09:00:32.263744900Z</date>
  <millis>1700643632263</millis>
  <nanos>744900</nanos>
  <sequence>155</sequence>
  <level>WARNING</level>
  <class>com.kms.katalon.core.logging.XmlKeywordLogger</class>
  <method>logMessage</method>
  <thread>1</thread>
  <message>Timeout &amp;apos;0&amp;apos; is invalid. Using default page load timeout: &amp;apos;30&amp;apos;</message>
  <nestedLevel>1</nestedLevel>
  <escapedJava>false</escapedJava>
</record>
<record>
  <date>2023-11-22T09:00:32.497667300Z</date>
  <millis>1700643632497</millis>
  <nanos>667300</nanos>
  <sequence>159</sequence>
  <level>PASSED</level>
  <class>com.kms.katalon.core.logging.XmlKeywordLogger</class>
  <method>logMessage</method>
  <thread>1</thread>
  <message>Object &amp;apos;Object Repository/Profile_Creation_Page/Profile_Creation_Page_Objects/Text_Select the button of your choice to create your profile&amp;apos; is present</message>
  <nestedLevel>1</nestedLevel>
  <escapedJava>false</escapedJava>
  <property name="testops-is-assertion">true</property>
  <property name="testops-method-name">com.kms.katalon.core.webui.keyword.builtin.VerifyElementPresentKeyword.verifyElementPresent</property>
  <property name="testops-execution-stacktrace"></property>
</record>
<record>
  <date>2023-11-22T09:00:32.499666300Z</date>
  <millis>1700643632499</millis>
  <nanos>666300</nanos>
  <sequence>160</sequence>
  <level>END</level>
  <class>com.kms.katalon.core.logging.XmlKeywordLogger</class>
  <method>endKeyword</method>
  <thread>1</thread>
  <message>End action : verifyElementPresent(findTestObject(&amp;quot;Profile_Creation_Page/Profile_Creation_Page_Objects/Text_Select the button of your choice to create your profile&amp;quot;), 0)</message>
  <nestedLevel>1</nestedLevel>
  <escapedJava>false</escapedJava>
</record>
<record>
  <date>2023-11-22T09:00:32.499666300Z</date>
  <millis>1700643632499</millis>
  <nanos>666300</nanos>
  <sequence>161</sequence>
  <level>START</level>
  <class>com.kms.katalon.core.logging.XmlKeywordLogger</class>
  <method>startKeyword</method>
  <thread>1</thread>
  <message>Start action : verifyElementPresent(findTestObject(&amp;quot;Profile_Creation_Page/Profile_Creation_Page_Objects/Text_We are excited&amp;quot;), 0)</message>
  <nestedLevel>1</nestedLevel>
  <escapedJava>false</escapedJava>
  <property name="startLine">75</property>
  <property name="stepIndex">11</property>
</record>
<record>
  <date>2023-11-22T09:00:32.544967300Z</date>
  <millis>1700643632544</millis>
  <nanos>967300</nanos>
  <sequence>166</sequence>
  <level>WARNING</level>
  <class>com.kms.katalon.core.logging.XmlKeywordLogger</class>
  <method>logMessage</method>
  <thread>1</thread>
  <message>Timeout &amp;apos;0&amp;apos; is invalid. Using default page load timeout: &amp;apos;30&amp;apos;</message>
  <nestedLevel>1</nestedLevel>
  <escapedJava>false</escapedJava>
</record>
<record>
  <date>2023-11-22T09:00:32.778201700Z</date>
  <millis>1700643632778</millis>
  <nanos>201700</nanos>
  <sequence>170</sequence>
  <level>PASSED</level>
  <class>com.kms.katalon.core.logging.XmlKeywordLogger</class>
  <method>logMessage</method>
  <thread>1</thread>
  <message>Object &amp;apos;Object Repository/Profile_Creation_Page/Profile_Creation_Page_Objects/Text_We are excited&amp;apos; is present</message>
  <nestedLevel>1</nestedLevel>
  <escapedJava>false</escapedJava>
  <property name="testops-is-assertion">true</property>
  <property name="testops-method-name">com.kms.katalon.core.webui.keyword.builtin.VerifyElementPresentKeyword.verifyElementPresent</property>
  <property name="testops-execution-stacktrace"></property>
</record>
<record>
  <date>2023-11-22T09:00:32.780656300Z</date>
  <millis>1700643632780</millis>
  <nanos>656300</nanos>
  <sequence>171</sequence>
  <level>END</level>
  <class>com.kms.katalon.core.logging.XmlKeywordLogger</class>
  <method>endKeyword</method>
  <thread>1</thread>
  <message>End action : verifyElementPresent(findTestObject(&amp;quot;Profile_Creation_Page/Profile_Creation_Page_Objects/Text_We are excited&amp;quot;), 0)</message>
  <nestedLevel>1</nestedLevel>
  <escapedJava>false</escapedJava>
</record>
<record>
  <date>2023-11-22T09:00:32.781723700Z</date>
  <millis>1700643632781</millis>
  <nanos>723700</nanos>
  <sequence>172</sequence>
  <level>START</level>
  <class>com.kms.katalon.core.logging.XmlKeywordLogger</class>
  <method>startKeyword</method>
  <thread>1</thread>
  <message>Start action : waitForElementClickable(findTestObject(&amp;quot;Profile_Creation_Page/Profile_Creation_Page_Objects/btn_I_Want_To_Type&amp;quot;), 65)</message>
  <nestedLevel>1</nestedLevel>
  <escapedJava>false</escapedJava>
  <property name="startLine">78</property>
  <property name="stepIndex">12</property>
</record>
<record>
  <date>2023-11-22T09:01:23.992498500Z</date>
  <millis>1700643683992</millis>
  <nanos>498500</nanos>
  <sequence>182</sequence>
  <level>PASSED</level>
  <class>com.kms.katalon.core.logging.XmlKeywordLogger</class>
  <method>logMessage</method>
  <thread>1</thread>
  <message>Object &amp;apos;Object Repository/Profile_Creation_Page/Profile_Creation_Page_Objects/btn_I_Want_To_Type&amp;apos; is clickable</message>
  <nestedLevel>1</nestedLevel>
  <escapedJava>false</escapedJava>
  <property name="testops-method-name">com.kms.katalon.core.webui.keyword.internal.WebUIKeywordMain$runKeyword.call</property>
  <property name="testops-execution-stacktrace">com.kms.katalon.core.logging.KeywordLogger.logPassed(KeywordLogger.java:340)
com.kms.katalon.core.logging.KeywordLogger.logPassed(KeywordLogger.java:334)
com.kms.katalon.core.logging.KeywordLogger$logPassed$1.call(Unknown Source)
com.kms.katalon.core.webui.keyword.builtin.WaitForElementClickableKeyword$_waitForElementClickable_closure1.doCall(WaitForElementClickableKeyword.groovy:92)
com.kms.katalon.core.webui.keyword.builtin.WaitForElementClickableKeyword$_waitForElementClickable_closure1.doCall(WaitForElementClickableKeyword.groovy)
java.base/jdk.internal.reflect.NativeMethodAccessorImpl.invoke0(Native Method)
java.base/jdk.internal.reflect.NativeMethodAccessorImpl.invoke(NativeMethodAccessorImpl.java:77)
java.base/jdk.internal.reflect.DelegatingMethodAccessorImpl.invoke(DelegatingMethodAccessorImpl.java:43)
com.kms.katalon.core.webui.keyword.internal.WebUIKeywordMain.runKeyword(WebUIKeywordMain.groovy:20)
com.kms.katalon.core.webui.keyword.internal.WebUIKeywordMain$runKeyword.call(Unknown Source)
com.kms.katalon.core.webui.keyword.builtin.WaitForElementClickableKeyword.waitForElementClickable(WaitForElementClickableKeyword.groovy:107)
com.kms.katalon.core.webui.keyword.builtin.WaitForElementClickableKeyword.execute(WaitForElementClickableKeyword.groovy:68)
com.kms.katalon.core.keyword.internal.KeywordExecutor.executeKeywordForPlatform(KeywordExecutor.groovy:74)
com.kms.katalon.core.webui.keyword.WebUiBuiltInKeywords.waitForElementClickable(WebUiBuiltInKeywords.groovy:504)
Senior_Signup_Type.run(Senior_Signup_Type:78)
</property>
</record>
<record>
  <date>2023-11-22T09:01:23.994506Z</date>
  <millis>1700643683994</millis>
  <nanos>506000</nanos>
  <sequence>183</sequence>
  <level>END</level>
  <class>com.kms.katalon.core.logging.XmlKeywordLogger</class>
  <method>endKeyword</method>
  <thread>1</thread>
  <message>End action : waitForElementClickable(findTestObject(&amp;quot;Profile_Creation_Page/Profile_Creation_Page_Objects/btn_I_Want_To_Type&amp;quot;), 65)</message>
  <nestedLevel>1</nestedLevel>
  <escapedJava>false</escapedJava>
</record>
<record>
  <date>2023-11-22T09:01:23.995503300Z</date>
  <millis>1700643683995</millis>
  <nanos>503300</nanos>
  <sequence>184</sequence>
  <level>START</level>
  <class>com.kms.katalon.core.logging.XmlKeywordLogger</class>
  <method>startKeyword</method>
  <thread>1</thread>
  <message>Start action : click(findTestObject(&amp;quot;Profile_Creation_Page/Profile_Creation_Page_Objects/btn_I_Want_To_Type&amp;quot;))</message>
  <nestedLevel>1</nestedLevel>
  <escapedJava>false</escapedJava>
  <property name="startLine">82</property>
  <property name="stepIndex">13</property>
</record>
<record>
  <date>2023-11-22T09:01:24.496705400Z</date>
  <millis>1700643684496</millis>
  <nanos>705400</nanos>
  <sequence>194</sequence>
  <level>PASSED</level>
  <class>com.kms.katalon.core.logging.XmlKeywordLogger</class>
  <method>logMessage</method>
  <thread>1</thread>
  <message>Object: &amp;apos;Object Repository/Profile_Creation_Page/Profile_Creation_Page_Objects/btn_I_Want_To_Type&amp;apos; is clicked on</message>
  <nestedLevel>1</nestedLevel>
  <escapedJava>false</escapedJava>
  <property name="testops-method-name">com.kms.katalon.core.webui.keyword.builtin.ClickKeyword.click</property>
  <property name="testops-execution-stacktrace"></property>
</record>
<record>
  <date>2023-11-22T09:01:24.498709800Z</date>
  <millis>1700643684498</millis>
  <nanos>709800</nanos>
  <sequence>195</sequence>
  <level>END</level>
  <class>com.kms.katalon.core.logging.XmlKeywordLogger</class>
  <method>endKeyword</method>
  <thread>1</thread>
  <message>End action : click(findTestObject(&amp;quot;Profile_Creation_Page/Profile_Creation_Page_Objects/btn_I_Want_To_Type&amp;quot;))</message>
  <nestedLevel>1</nestedLevel>
  <escapedJava>false</escapedJava>
</record>
<record>
  <date>2023-11-22T09:01:24.499709900Z</date>
  <millis>1700643684499</millis>
  <nanos>709900</nanos>
  <sequence>196</sequence>
  <level>START</level>
  <class>com.kms.katalon.core.logging.XmlKeywordLogger</class>
  <method>startKeyword</method>
  <thread>1</thread>
  <message>Start action : setText(findTestObject(&amp;quot;Profile_Creation_Page/Profile_Creation_Page_Objects/Input_I_Want_To_Type&amp;quot;), Profile)</message>
  <nestedLevel>1</nestedLevel>
  <escapedJava>false</escapedJava>
  <property name="startLine">85</property>
  <property name="stepIndex">14</property>
</record>
<record>
  <date>2023-11-22T09:01:25.644402300Z</date>
  <millis>1700643685644</millis>
  <nanos>402300</nanos>
  <sequence>212</sequence>
  <level>PASSED</level>
  <class>com.kms.katalon.core.logging.XmlKeywordLogger</class>
  <method>logMessage</method>
  <thread>1</thread>
  <message>Text &amp;apos;Greetings, I&amp;apos;m Palak, a seasoned explorer in the journey of life, joyfully celebrating my 58 years of existence. With a background in environmental science, I dedicated decades to understanding and preserving the natural world. Beyond scientific pursuits, I find solace in the rhythm of pottery, shaping clay into intricate forms, and the therapeutic art of cooking. In a companion, I seek someone who shares my passion for environmental conservation and has an appreciation for the creative blend of artistry and sustainable living. Health-wise, I&amp;apos;ve faced challenges with asthma, but with careful management and regular breathing exercises, I continue to pursue my passions with vigor. Life has been a captivating adventure, and I look forward to molding new experiences with a like-minded soul who appreciates the beauty of nature and the creativity of the human spirit.&amp;apos; is set on object &amp;apos;Object Repository/Profile_Creation_Page/Profile_Creation_Page_Objects/Input_I_Want_To_Type&amp;apos;</message>
  <nestedLevel>1</nestedLevel>
  <escapedJava>false</escapedJava>
  <property name="testops-method-name">com.kms.katalon.core.webui.keyword.builtin.SetTextKeyword.setText</property>
  <property name="testops-execution-stacktrace"></property>
</record>
<record>
  <date>2023-11-22T09:01:25.646505800Z</date>
  <millis>1700643685646</millis>
  <nanos>505800</nanos>
  <sequence>213</sequence>
  <level>END</level>
  <class>com.kms.katalon.core.logging.XmlKeywordLogger</class>
  <method>endKeyword</method>
  <thread>1</thread>
  <message>End action : setText(findTestObject(&amp;quot;Profile_Creation_Page/Profile_Creation_Page_Objects/Input_I_Want_To_Type&amp;quot;), Profile)</message>
  <nestedLevel>1</nestedLevel>
  <escapedJava>false</escapedJava>
</record>
<record>
  <date>2023-11-22T09:01:25.647503500Z</date>
  <millis>1700643685647</millis>
  <nanos>503500</nanos>
  <sequence>214</sequence>
  <level>START</level>
  <class>com.kms.katalon.core.logging.XmlKeywordLogger</class>
  <method>startKeyword</method>
  <thread>1</thread>
  <message>Start action : scrollToElement(findTestObject(&amp;quot;Object Repository/Profile_Creation_Page/Profile_Creation_Page_Objects/button_Next&amp;quot;), 0)</message>
  <nestedLevel>1</nestedLevel>
  <escapedJava>false</escapedJava>
  <property name="startLine">88</property>
  <property name="stepIndex">15</property>
</record>
<record>
  <date>2023-11-22T09:01:25.694604100Z</date>
  <millis>1700643685694</millis>
  <nanos>604100</nanos>
  <sequence>218</sequence>
  <level>WARNING</level>
  <class>com.kms.katalon.core.logging.XmlKeywordLogger</class>
  <method>logMessage</method>
  <thread>1</thread>
  <message>Timeout &amp;apos;0&amp;apos; is invalid. Using default page load timeout: &amp;apos;30&amp;apos;</message>
  <nestedLevel>1</nestedLevel>
  <escapedJava>false</escapedJava>
</record>
<record>
  <date>2023-11-22T09:01:25.946703300Z</date>
  <millis>1700643685946</millis>
  <nanos>703300</nanos>
  <sequence>225</sequence>
  <level>PASSED</level>
  <class>com.kms.katalon.core.logging.XmlKeywordLogger</class>
  <method>logMessage</method>
  <thread>1</thread>
  <message>Scroll to object &amp;apos;Object Repository/Profile_Creation_Page/Profile_Creation_Page_Objects/button_Next&amp;apos; successfully</message>
  <nestedLevel>1</nestedLevel>
  <escapedJava>false</escapedJava>
  <property name="testops-method-name">com.kms.katalon.core.webui.keyword.builtin.ScrollToElementKeyword.scrollToElement</property>
  <property name="testops-execution-stacktrace"></property>
</record>
<record>
  <date>2023-11-22T09:01:25.947780700Z</date>
  <millis>1700643685947</millis>
  <nanos>780700</nanos>
  <sequence>226</sequence>
  <level>END</level>
  <class>com.kms.katalon.core.logging.XmlKeywordLogger</class>
  <method>endKeyword</method>
  <thread>1</thread>
  <message>End action : scrollToElement(findTestObject(&amp;quot;Object Repository/Profile_Creation_Page/Profile_Creation_Page_Objects/button_Next&amp;quot;), 0)</message>
  <nestedLevel>1</nestedLevel>
  <escapedJava>false</escapedJava>
</record>
<record>
  <date>2023-11-22T09:01:25.947780700Z</date>
  <millis>1700643685947</millis>
  <nanos>780700</nanos>
  <sequence>227</sequence>
  <level>START</level>
  <class>com.kms.katalon.core.logging.XmlKeywordLogger</class>
  <method>startKeyword</method>
  <thread>1</thread>
  <message>Start action : click(findTestObject(&amp;quot;Object Repository/Profile_Creation_Page/Profile_Creation_Page_Objects/button_Next&amp;quot;))</message>
  <nestedLevel>1</nestedLevel>
  <escapedJava>false</escapedJava>
  <property name="startLine">92</property>
  <property name="stepIndex">16</property>
</record>
<record>
  <date>2023-11-22T09:01:26.242205300Z</date>
  <millis>1700643686242</millis>
  <nanos>205300</nanos>
  <sequence>237</sequence>
  <level>PASSED</level>
  <class>com.kms.katalon.core.logging.XmlKeywordLogger</class>
  <method>logMessage</method>
  <thread>1</thread>
  <message>Object: &amp;apos;Object Repository/Profile_Creation_Page/Profile_Creation_Page_Objects/button_Next&amp;apos; is clicked on</message>
  <nestedLevel>1</nestedLevel>
  <escapedJava>false</escapedJava>
  <property name="testops-method-name">com.kms.katalon.core.webui.keyword.builtin.ClickKeyword.click</property>
  <property name="testops-execution-stacktrace"></property>
</record>
<record>
  <date>2023-11-22T09:01:26.245025700Z</date>
  <millis>1700643686245</millis>
  <nanos>25700</nanos>
  <sequence>238</sequence>
  <level>END</level>
  <class>com.kms.katalon.core.logging.XmlKeywordLogger</class>
  <method>endKeyword</method>
  <thread>1</thread>
  <message>End action : click(findTestObject(&amp;quot;Object Repository/Profile_Creation_Page/Profile_Creation_Page_Objects/button_Next&amp;quot;))</message>
  <nestedLevel>1</nestedLevel>
  <escapedJava>false</escapedJava>
</record>
<record>
  <date>2023-11-22T09:01:26.246377200Z</date>
  <millis>1700643686246</millis>
  <nanos>377200</nanos>
  <sequence>239</sequence>
  <level>START</level>
  <class>com.kms.katalon.core.logging.XmlKeywordLogger</class>
  <method>startKeyword</method>
  <thread>1</thread>
  <message>Start action : delay(45)</message>
  <nestedLevel>1</nestedLevel>
  <escapedJava>false</escapedJava>
  <property name="startLine">96</property>
  <property name="stepIndex">17</property>
</record>
<record>
  <date>2023-11-22T09:02:11.278224400Z</date>
  <millis>1700643731278</millis>
  <nanos>224400</nanos>
  <sequence>241</sequence>
  <level>PASSED</level>
  <class>com.kms.katalon.core.logging.XmlKeywordLogger</class>
  <method>logMessage</method>
  <thread>1</thread>
  <message>Delayed 45 second(s)</message>
  <nestedLevel>1</nestedLevel>
  <escapedJava>false</escapedJava>
  <property name="testops-method-name">com.kms.katalon.core.keyword.builtin.DelayKeyword.delay</property>
  <property name="testops-execution-stacktrace"></property>
</record>
<record>
  <date>2023-11-22T09:02:11.281228500Z</date>
  <millis>1700643731281</millis>
  <nanos>228500</nanos>
  <sequence>242</sequence>
  <level>END</level>
  <class>com.kms.katalon.core.logging.XmlKeywordLogger</class>
  <method>endKeyword</method>
  <thread>1</thread>
  <message>End action : delay(45)</message>
  <nestedLevel>1</nestedLevel>
  <escapedJava>false</escapedJava>
</record>
<record>
  <date>2023-11-22T09:02:11.281228500Z</date>
  <millis>1700643731281</millis>
  <nanos>228500</nanos>
  <sequence>243</sequence>
  <level>START</level>
  <class>com.kms.katalon.core.logging.XmlKeywordLogger</class>
  <method>startKeyword</method>
  <thread>1</thread>
  <message>Start action : Education = getAttribute(findTestObject(&amp;quot;Category_View_Page/Category_View_Page_Objects/Input_Edit_Educational_Info&amp;quot;), &amp;quot;value&amp;quot;)</message>
  <nestedLevel>1</nestedLevel>
  <escapedJava>false</escapedJava>
  <property name="startLine">99</property>
  <property name="stepIndex">18</property>
</record>
<record>
  <date>2023-11-22T09:02:28.908614300Z</date>
  <millis>1700643748908</millis>
  <nanos>614300</nanos>
  <sequence>253</sequence>
  <level>PASSED</level>
  <class>com.kms.katalon.core.logging.XmlKeywordLogger</class>
  <method>logMessage</method>
  <thread>1</thread>
  <message>Attribute &amp;apos;value&amp;apos; of object &amp;apos;Object Repository/Category_View_Page/Category_View_Page_Objects/Input_Edit_Educational_Info&amp;apos; is: &amp;apos;With a background in environmental science, I dedicated decades to understanding and preserving the natural world.&amp;apos;</message>
  <nestedLevel>1</nestedLevel>
  <escapedJava>false</escapedJava>
  <property name="testops-method-name">com.kms.katalon.core.webui.keyword.builtin.GetAttributeKeyword.getAttribute</property>
  <property name="testops-execution-stacktrace"></property>
</record>
<record>
  <date>2023-11-22T09:02:28.909617800Z</date>
  <millis>1700643748909</millis>
  <nanos>617800</nanos>
  <sequence>254</sequence>
  <level>END</level>
  <class>com.kms.katalon.core.logging.XmlKeywordLogger</class>
  <method>endKeyword</method>
  <thread>1</thread>
  <message>End action : Education = getAttribute(findTestObject(&amp;quot;Category_View_Page/Category_View_Page_Objects/Input_Edit_Educational_Info&amp;quot;), &amp;quot;value&amp;quot;)</message>
  <nestedLevel>1</nestedLevel>
  <escapedJava>false</escapedJava>
</record>
<record>
  <date>2023-11-22T09:02:28.909617800Z</date>
  <millis>1700643748909</millis>
  <nanos>617800</nanos>
  <sequence>255</sequence>
  <level>START</level>
  <class>com.kms.katalon.core.logging.XmlKeywordLogger</class>
  <method>startKeyword</method>
  <thread>1</thread>
  <message>Start action : validateText.ValidateText.calculateAndPrintPercentageMatch(&amp;quot;EDUCATION&amp;quot;, Education, EducationNew)</message>
  <nestedLevel>1</nestedLevel>
  <escapedJava>false</escapedJava>
  <property name="startLine">103</property>
  <property name="stepIndex">19</property>
</record>
<record>
  <date>2023-11-22T09:02:29.000959400Z</date>
  <millis>1700643749000</millis>
  <nanos>959400</nanos>
  <sequence>256</sequence>
  <level>PASSED</level>
  <class>com.kms.katalon.core.logging.XmlKeywordLogger</class>
  <method>logMessage</method>
  <thread>1</thread>
  <message>validateText.ValidateText.calculateAndPrintPercentageMatch is PASSED</message>
  <nestedLevel>1</nestedLevel>
  <escapedJava>false</escapedJava>
</record>
<record>
  <date>2023-11-22T09:02:29.002454200Z</date>
  <millis>1700643749002</millis>
  <nanos>454200</nanos>
  <sequence>257</sequence>
  <level>END</level>
  <class>com.kms.katalon.core.logging.XmlKeywordLogger</class>
  <method>endKeyword</method>
  <thread>1</thread>
  <message>End action : validateText.ValidateText.calculateAndPrintPercentageMatch(&amp;quot;EDUCATION&amp;quot;, Education, EducationNew)</message>
  <nestedLevel>1</nestedLevel>
  <escapedJava>false</escapedJava>
</record>
<record>
  <date>2023-11-22T09:02:29.002454200Z</date>
  <millis>1700643749002</millis>
  <nanos>454200</nanos>
  <sequence>258</sequence>
  <level>START</level>
  <class>com.kms.katalon.core.logging.XmlKeywordLogger</class>
  <method>startKeyword</method>
  <thread>1</thread>
  <message>Start action : Hobbies = getAttribute(findTestObject(&amp;quot;Category_View_Page/Category_View_Page_Objects/Input_Edit_Appropriate_Hobbies&amp;quot;), &amp;quot;value&amp;quot;)</message>
  <nestedLevel>1</nestedLevel>
  <escapedJava>false</escapedJava>
  <property name="startLine">106</property>
  <property name="stepIndex">20</property>
</record>
<record>
  <date>2023-11-22T09:02:29.285855Z</date>
  <millis>1700643749285</millis>
  <nanos>855000</nanos>
  <sequence>268</sequence>
  <level>PASSED</level>
  <class>com.kms.katalon.core.logging.XmlKeywordLogger</class>
  <method>logMessage</method>
  <thread>1</thread>
  <message>Attribute &amp;apos;value&amp;apos; of object &amp;apos;Object Repository/Category_View_Page/Category_View_Page_Objects/Input_Edit_Appropriate_Hobbies&amp;apos; is: &amp;apos;Beyond scientific pursuits, I find solace in the rhythm of pottery, shaping clay into intricate forms, and the therapeutic art of cooking.&amp;apos;</message>
  <nestedLevel>1</nestedLevel>
  <escapedJava>false</escapedJava>
  <property name="testops-method-name">com.kms.katalon.core.webui.keyword.builtin.GetAttributeKeyword.getAttribute</property>
  <property name="testops-execution-stacktrace"></property>
</record>
<record>
  <date>2023-11-22T09:02:29.288523400Z</date>
  <millis>1700643749288</millis>
  <nanos>523400</nanos>
  <sequence>269</sequence>
  <level>END</level>
  <class>com.kms.katalon.core.logging.XmlKeywordLogger</class>
  <method>endKeyword</method>
  <thread>1</thread>
  <message>End action : Hobbies = getAttribute(findTestObject(&amp;quot;Category_View_Page/Category_View_Page_Objects/Input_Edit_Appropriate_Hobbies&amp;quot;), &amp;quot;value&amp;quot;)</message>
  <nestedLevel>1</nestedLevel>
  <escapedJava>false</escapedJava>
</record>
<record>
  <date>2023-11-22T09:02:29.288523400Z</date>
  <millis>1700643749288</millis>
  <nanos>523400</nanos>
  <sequence>270</sequence>
  <level>START</level>
  <class>com.kms.katalon.core.logging.XmlKeywordLogger</class>
  <method>startKeyword</method>
  <thread>1</thread>
  <message>Start action : validateText.ValidateText.calculateAndPrintPercentageMatch(&amp;quot;HOBBIES&amp;quot;, Hobbies, HobbiesNew)</message>
  <nestedLevel>1</nestedLevel>
  <escapedJava>false</escapedJava>
  <property name="startLine">110</property>
  <property name="stepIndex">21</property>
</record>
<record>
  <date>2023-11-22T09:02:29.291547100Z</date>
  <millis>1700643749291</millis>
  <nanos>547100</nanos>
  <sequence>271</sequence>
  <level>PASSED</level>
  <class>com.kms.katalon.core.logging.XmlKeywordLogger</class>
  <method>logMessage</method>
  <thread>1</thread>
  <message>validateText.ValidateText.calculateAndPrintPercentageMatch is PASSED</message>
  <nestedLevel>1</nestedLevel>
  <escapedJava>false</escapedJava>
</record>
<record>
  <date>2023-11-22T09:02:29.293053900Z</date>
  <millis>1700643749293</millis>
  <nanos>53900</nanos>
  <sequence>272</sequence>
  <level>END</level>
  <class>com.kms.katalon.core.logging.XmlKeywordLogger</class>
  <method>endKeyword</method>
  <thread>1</thread>
  <message>End action : validateText.ValidateText.calculateAndPrintPercentageMatch(&amp;quot;HOBBIES&amp;quot;, Hobbies, HobbiesNew)</message>
  <nestedLevel>1</nestedLevel>
  <escapedJava>false</escapedJava>
</record>
<record>
  <date>2023-11-22T09:02:29.293053900Z</date>
  <millis>1700643749293</millis>
  <nanos>53900</nanos>
  <sequence>273</sequence>
  <level>START</level>
  <class>com.kms.katalon.core.logging.XmlKeywordLogger</class>
  <method>startKeyword</method>
  <thread>1</thread>
  <message>Start action : Expectations = getAttribute(findTestObject(&amp;quot;Category_View_Page/Category_View_Page_Objects/Input_Edit_expectation&amp;quot;), &amp;quot;value&amp;quot;)</message>
  <nestedLevel>1</nestedLevel>
  <escapedJava>false</escapedJava>
  <property name="startLine">113</property>
  <property name="stepIndex">22</property>
</record>
<record>
  <date>2023-11-22T09:02:29.568467300Z</date>
  <millis>1700643749568</millis>
  <nanos>467300</nanos>
  <sequence>283</sequence>
  <level>PASSED</level>
  <class>com.kms.katalon.core.logging.XmlKeywordLogger</class>
  <method>logMessage</method>
  <thread>1</thread>
  <message>Attribute &amp;apos;value&amp;apos; of object &amp;apos;Object Repository/Category_View_Page/Category_View_Page_Objects/Input_Edit_expectation&amp;apos; is: &amp;apos;In a companion, I seek someone who shares my passion for environmental conservation and has an appreciation for the creative blend of artistry and sustainable living.&amp;apos;</message>
  <nestedLevel>1</nestedLevel>
  <escapedJava>false</escapedJava>
  <property name="testops-method-name">com.kms.katalon.core.webui.keyword.builtin.GetAttributeKeyword.getAttribute</property>
  <property name="testops-execution-stacktrace"></property>
</record>
<record>
  <date>2023-11-22T09:02:29.569557100Z</date>
  <millis>1700643749569</millis>
  <nanos>557100</nanos>
  <sequence>284</sequence>
  <level>END</level>
  <class>com.kms.katalon.core.logging.XmlKeywordLogger</class>
  <method>endKeyword</method>
  <thread>1</thread>
  <message>End action : Expectations = getAttribute(findTestObject(&amp;quot;Category_View_Page/Category_View_Page_Objects/Input_Edit_expectation&amp;quot;), &amp;quot;value&amp;quot;)</message>
  <nestedLevel>1</nestedLevel>
  <escapedJava>false</escapedJava>
</record>
<record>
  <date>2023-11-22T09:02:29.569557100Z</date>
  <millis>1700643749569</millis>
  <nanos>557100</nanos>
  <sequence>285</sequence>
  <level>START</level>
  <class>com.kms.katalon.core.logging.XmlKeywordLogger</class>
  <method>startKeyword</method>
  <thread>1</thread>
  <message>Start action : validateText.ValidateText.calculateAndPrintPercentageMatch(&amp;quot;EXPECTATIONS&amp;quot;, Expectations, ExpectationsNew)</message>
  <nestedLevel>1</nestedLevel>
  <escapedJava>false</escapedJava>
  <property name="startLine">117</property>
  <property name="stepIndex">23</property>
</record>
<record>
  <date>2023-11-22T09:02:29.572963800Z</date>
  <millis>1700643749572</millis>
  <nanos>963800</nanos>
  <sequence>286</sequence>
  <level>PASSED</level>
  <class>com.kms.katalon.core.logging.XmlKeywordLogger</class>
  <method>logMessage</method>
  <thread>1</thread>
  <message>validateText.ValidateText.calculateAndPrintPercentageMatch is PASSED</message>
  <nestedLevel>1</nestedLevel>
  <escapedJava>false</escapedJava>
</record>
<record>
  <date>2023-11-22T09:02:29.573961800Z</date>
  <millis>1700643749573</millis>
  <nanos>961800</nanos>
  <sequence>287</sequence>
  <level>END</level>
  <class>com.kms.katalon.core.logging.XmlKeywordLogger</class>
  <method>endKeyword</method>
  <thread>1</thread>
  <message>End action : validateText.ValidateText.calculateAndPrintPercentageMatch(&amp;quot;EXPECTATIONS&amp;quot;, Expectations, ExpectationsNew)</message>
  <nestedLevel>1</nestedLevel>
  <escapedJava>false</escapedJava>
</record>
<record>
  <date>2023-11-22T09:02:29.573961800Z</date>
  <millis>1700643749573</millis>
  <nanos>961800</nanos>
  <sequence>288</sequence>
  <level>START</level>
  <class>com.kms.katalon.core.logging.XmlKeywordLogger</class>
  <method>startKeyword</method>
  <thread>1</thread>
  <message>Start action : Others = getAttribute(findTestObject(&amp;quot;Category_View_Page/Category_View_Page_Objects/Input_Edit_Appropriate_Health&amp;quot;), &amp;quot;value&amp;quot;)</message>
  <nestedLevel>1</nestedLevel>
  <escapedJava>false</escapedJava>
  <property name="startLine">120</property>
  <property name="stepIndex">24</property>
</record>
<record>
  <date>2023-11-22T09:02:29.841637200Z</date>
  <millis>1700643749841</millis>
  <nanos>637200</nanos>
  <sequence>298</sequence>
  <level>PASSED</level>
  <class>com.kms.katalon.core.logging.XmlKeywordLogger</class>
  <method>logMessage</method>
  <thread>1</thread>
  <message>Attribute &amp;apos;value&amp;apos; of object &amp;apos;Object Repository/Category_View_Page/Category_View_Page_Objects/Input_Edit_Appropriate_Health&amp;apos; is: &amp;apos;health-wise, i&amp;apos;ve faced challenges with asthma, but with careful management and regular breathing exercises, i continue to pursue my passions with vigor. greetings, i&amp;apos;m palak, a seasoned explorer in the journey of life, joyfully celebrating my 58 years of existence. life has been a captivating adventure, and i look forward to molding new experiences with a like-minded soul who appreciates the beauty of nature and the creativity of the human spirit. i&amp;apos;ve faced challenges with asthma, but with careful management and regular breathing exercises, i continue to pursue my passions with vigor.&amp;apos;</message>
  <nestedLevel>1</nestedLevel>
  <escapedJava>false</escapedJava>
  <property name="testops-method-name">com.kms.katalon.core.webui.keyword.builtin.GetAttributeKeyword.getAttribute</property>
  <property name="testops-execution-stacktrace"></property>
</record>
<record>
  <date>2023-11-22T09:02:29.842641100Z</date>
  <millis>1700643749842</millis>
  <nanos>641100</nanos>
  <sequence>299</sequence>
  <level>END</level>
  <class>com.kms.katalon.core.logging.XmlKeywordLogger</class>
  <method>endKeyword</method>
  <thread>1</thread>
  <message>End action : Others = getAttribute(findTestObject(&amp;quot;Category_View_Page/Category_View_Page_Objects/Input_Edit_Appropriate_Health&amp;quot;), &amp;quot;value&amp;quot;)</message>
  <nestedLevel>1</nestedLevel>
  <escapedJava>false</escapedJava>
</record>
<record>
  <date>2023-11-22T09:02:29.843641300Z</date>
  <millis>1700643749843</millis>
  <nanos>641300</nanos>
  <sequence>300</sequence>
  <level>START</level>
  <class>com.kms.katalon.core.logging.XmlKeywordLogger</class>
  <method>startKeyword</method>
  <thread>1</thread>
  <message>Start action : validateText.ValidateText.calculateAndPrintPercentageMatch(&amp;quot;OTHERS&amp;quot;, Others, OtherNew)</message>
  <nestedLevel>1</nestedLevel>
  <escapedJava>false</escapedJava>
  <property name="startLine">124</property>
  <property name="stepIndex">25</property>
</record>
<record>
  <date>2023-11-22T09:02:29.846641800Z</date>
  <millis>1700643749846</millis>
  <nanos>641800</nanos>
  <sequence>301</sequence>
  <level>PASSED</level>
  <class>com.kms.katalon.core.logging.XmlKeywordLogger</class>
  <method>logMessage</method>
  <thread>1</thread>
  <message>validateText.ValidateText.calculateAndPrintPercentageMatch is PASSED</message>
  <nestedLevel>1</nestedLevel>
  <escapedJava>false</escapedJava>
</record>
<record>
  <date>2023-11-22T09:02:29.846641800Z</date>
  <millis>1700643749846</millis>
  <nanos>641800</nanos>
  <sequence>302</sequence>
  <level>END</level>
  <class>com.kms.katalon.core.logging.XmlKeywordLogger</class>
  <method>endKeyword</method>
  <thread>1</thread>
  <message>End action : validateText.ValidateText.calculateAndPrintPercentageMatch(&amp;quot;OTHERS&amp;quot;, Others, OtherNew)</message>
  <nestedLevel>1</nestedLevel>
  <escapedJava>false</escapedJava>
</record>
<record>
  <date>2023-11-22T09:02:29.847642Z</date>
  <millis>1700643749847</millis>
  <nanos>642000</nanos>
  <sequence>303</sequence>
  <level>START</level>
  <class>com.kms.katalon.core.logging.XmlKeywordLogger</class>
  <method>startKeyword</method>
  <thread>1</thread>
  <message>Start action : waitForElementClickable(findTestObject(&amp;quot;Object Repository/Category_View_Page/Category_View_Page_Objects/button_Save  Continue&amp;quot;), 65)</message>
  <nestedLevel>1</nestedLevel>
  <escapedJava>false</escapedJava>
  <property name="startLine">126</property>
  <property name="stepIndex">26</property>
</record>
<record>
  <date>2023-11-22T09:02:30.116568800Z</date>
  <millis>1700643750116</millis>
  <nanos>568800</nanos>
  <sequence>313</sequence>
  <level>PASSED</level>
  <class>com.kms.katalon.core.logging.XmlKeywordLogger</class>
  <method>logMessage</method>
  <thread>1</thread>
  <message>Object &amp;apos;Object Repository/Category_View_Page/Category_View_Page_Objects/button_Save  Continue&amp;apos; is clickable</message>
  <nestedLevel>1</nestedLevel>
  <escapedJava>false</escapedJava>
  <property name="testops-method-name">com.kms.katalon.core.webui.keyword.internal.WebUIKeywordMain$runKeyword.call</property>
  <property name="testops-execution-stacktrace">com.kms.katalon.core.logging.KeywordLogger.logPassed(KeywordLogger.java:340)
com.kms.katalon.core.logging.KeywordLogger.logPassed(KeywordLogger.java:334)
com.kms.katalon.core.logging.KeywordLogger$logPassed$1.call(Unknown Source)
com.kms.katalon.core.webui.keyword.builtin.WaitForElementClickableKeyword$_waitForElementClickable_closure1.doCall(WaitForElementClickableKeyword.groovy:92)
com.kms.katalon.core.webui.keyword.builtin.WaitForElementClickableKeyword$_waitForElementClickable_closure1.doCall(WaitForElementClickableKeyword.groovy)
java.base/jdk.internal.reflect.NativeMethodAccessorImpl.invoke0(Native Method)
java.base/jdk.internal.reflect.NativeMethodAccessorImpl.invoke(NativeMethodAccessorImpl.java:77)
java.base/jdk.internal.reflect.DelegatingMethodAccessorImpl.invoke(DelegatingMethodAccessorImpl.java:43)
com.kms.katalon.core.webui.keyword.internal.WebUIKeywordMain.runKeyword(WebUIKeywordMain.groovy:20)
com.kms.katalon.core.webui.keyword.internal.WebUIKeywordMain$runKeyword.call(Unknown Source)
com.kms.katalon.core.webui.keyword.builtin.WaitForElementClickableKeyword.waitForElementClickable(WaitForElementClickableKeyword.groovy:107)
com.kms.katalon.core.webui.keyword.builtin.WaitForElementClickableKeyword.execute(WaitForElementClickableKeyword.groovy:68)
com.kms.katalon.core.keyword.internal.KeywordExecutor.executeKeywordForPlatform(KeywordExecutor.groovy:74)
com.kms.katalon.core.webui.keyword.WebUiBuiltInKeywords.waitForElementClickable(WebUiBuiltInKeywords.groovy:504)
Senior_Signup_Type.run(Senior_Signup_Type:126)
</property>
</record>
<record>
  <date>2023-11-22T09:02:30.118567500Z</date>
  <millis>1700643750118</millis>
  <nanos>567500</nanos>
  <sequence>314</sequence>
  <level>END</level>
  <class>com.kms.katalon.core.logging.XmlKeywordLogger</class>
  <method>endKeyword</method>
  <thread>1</thread>
  <message>End action : waitForElementClickable(findTestObject(&amp;quot;Object Repository/Category_View_Page/Category_View_Page_Objects/button_Save  Continue&amp;quot;), 65)</message>
  <nestedLevel>1</nestedLevel>
  <escapedJava>false</escapedJava>
</record>
<record>
  <date>2023-11-22T09:02:30.118567500Z</date>
  <millis>1700643750118</millis>
  <nanos>567500</nanos>
  <sequence>315</sequence>
  <level>START</level>
  <class>com.kms.katalon.core.logging.XmlKeywordLogger</class>
  <method>startKeyword</method>
  <thread>1</thread>
  <message>Start action : click(findTestObject(&amp;quot;Object Repository/Category_View_Page/Category_View_Page_Objects/button_Save  Continue&amp;quot;))</message>
  <nestedLevel>1</nestedLevel>
  <escapedJava>false</escapedJava>
  <property name="startLine">130</property>
  <property name="stepIndex">27</property>
</record>
<record>
  <date>2023-11-22T09:02:32.467811300Z</date>
  <millis>1700643752467</millis>
  <nanos>811300</nanos>
  <sequence>326</sequence>
  <level>PASSED</level>
  <class>com.kms.katalon.core.logging.XmlKeywordLogger</class>
  <method>logMessage</method>
  <thread>1</thread>
  <message>Object: &amp;apos;Object Repository/Category_View_Page/Category_View_Page_Objects/button_Save  Continue&amp;apos; is clicked on</message>
  <nestedLevel>1</nestedLevel>
  <escapedJava>false</escapedJava>
  <property name="testops-method-name">com.kms.katalon.core.webui.keyword.builtin.ClickKeyword.click</property>
  <property name="testops-execution-stacktrace"></property>
</record>
<record>
  <date>2023-11-22T09:02:32.470818900Z</date>
  <millis>1700643752470</millis>
  <nanos>818900</nanos>
  <sequence>327</sequence>
  <level>END</level>
  <class>com.kms.katalon.core.logging.XmlKeywordLogger</class>
  <method>endKeyword</method>
  <thread>1</thread>
  <message>End action : click(findTestObject(&amp;quot;Object Repository/Category_View_Page/Category_View_Page_Objects/button_Save  Continue&amp;quot;))</message>
  <nestedLevel>1</nestedLevel>
  <escapedJava>false</escapedJava>
</record>
<record>
  <date>2023-11-22T09:02:32.470818900Z</date>
  <millis>1700643752470</millis>
  <nanos>818900</nanos>
  <sequence>328</sequence>
  <level>START</level>
  <class>com.kms.katalon.core.logging.XmlKeywordLogger</class>
  <method>startKeyword</method>
  <thread>1</thread>
  <message>Start action : verifyElementPresent(findTestObject(&amp;quot;Object Repository/Thankyou_Page/Thankyou_Page_Objects/txt_h1_Thank you&amp;quot;), 0)</message>
  <nestedLevel>1</nestedLevel>
  <escapedJava>false</escapedJava>
  <property name="startLine">133</property>
  <property name="stepIndex">28</property>
</record>
<record>
  <date>2023-11-22T09:02:32.504300900Z</date>
  <millis>1700643752504</millis>
  <nanos>300900</nanos>
  <sequence>333</sequence>
  <level>WARNING</level>
  <class>com.kms.katalon.core.logging.XmlKeywordLogger</class>
  <method>logMessage</method>
  <thread>1</thread>
  <message>Timeout &amp;apos;0&amp;apos; is invalid. Using default page load timeout: &amp;apos;30&amp;apos;</message>
  <nestedLevel>1</nestedLevel>
  <escapedJava>false</escapedJava>
</record>
<record>
  <date>2023-11-22T09:02:33.265594Z</date>
  <millis>1700643753265</millis>
  <nanos>594000</nanos>
  <sequence>337</sequence>
  <level>PASSED</level>
  <class>com.kms.katalon.core.logging.XmlKeywordLogger</class>
  <method>logMessage</method>
  <thread>1</thread>
  <message>Object &amp;apos;Object Repository/Thankyou_Page/Thankyou_Page_Objects/txt_h1_Thank you&amp;apos; is present</message>
  <nestedLevel>1</nestedLevel>
  <escapedJava>false</escapedJava>
  <property name="testops-is-assertion">true</property>
  <property name="testops-method-name">com.kms.katalon.core.webui.keyword.builtin.VerifyElementPresentKeyword.verifyElementPresent</property>
  <property name="testops-execution-stacktrace"></property>
</record>
<record>
  <date>2023-11-22T09:02:33.267593400Z</date>
  <millis>1700643753267</millis>
  <nanos>593400</nanos>
  <sequence>338</sequence>
  <level>END</level>
  <class>com.kms.katalon.core.logging.XmlKeywordLogger</class>
  <method>endKeyword</method>
  <thread>1</thread>
  <message>End action : verifyElementPresent(findTestObject(&amp;quot;Object Repository/Thankyou_Page/Thankyou_Page_Objects/txt_h1_Thank you&amp;quot;), 0)</message>
  <nestedLevel>1</nestedLevel>
  <escapedJava>false</escapedJava>
</record>
<record>
  <date>2023-11-22T09:02:33.268103700Z</date>
  <millis>1700643753268</millis>
  <nanos>103700</nanos>
  <sequence>339</sequence>
  <level>START</level>
  <class>com.kms.katalon.core.logging.XmlKeywordLogger</class>
  <method>startKeyword</method>
  <thread>1</thread>
  <message>Start action : delay(2)</message>
  <nestedLevel>1</nestedLevel>
  <escapedJava>false</escapedJava>
  <property name="startLine">135</property>
  <property name="stepIndex">29</property>
</record>
<record>
  <date>2023-11-22T09:02:35.272751600Z</date>
  <millis>1700643755272</millis>
  <nanos>751600</nanos>
  <sequence>341</sequence>
  <level>PASSED</level>
  <class>com.kms.katalon.core.logging.XmlKeywordLogger</class>
  <method>logMessage</method>
  <thread>1</thread>
  <message>Delayed 2 second(s)</message>
  <nestedLevel>1</nestedLevel>
  <escapedJava>false</escapedJava>
  <property name="testops-method-name">com.kms.katalon.core.keyword.builtin.DelayKeyword.delay</property>
  <property name="testops-execution-stacktrace"></property>
</record>
<record>
  <date>2023-11-22T09:02:35.275009300Z</date>
  <millis>1700643755275</millis>
  <nanos>9300</nanos>
  <sequence>342</sequence>
  <level>END</level>
  <class>com.kms.katalon.core.logging.XmlKeywordLogger</class>
  <method>endKeyword</method>
  <thread>1</thread>
  <message>End action : delay(2)</message>
  <nestedLevel>1</nestedLevel>
  <escapedJava>false</escapedJava>
</record>
<record>
  <date>2023-11-22T09:02:35.275009300Z</date>
  <millis>1700643755275</millis>
  <nanos>9300</nanos>
  <sequence>343</sequence>
  <level>START</level>
  <class>com.kms.katalon.core.logging.XmlKeywordLogger</class>
  <method>startKeyword</method>
  <thread>1</thread>
  <message>Start action : closeBrowser()</message>
  <nestedLevel>1</nestedLevel>
  <escapedJava>false</escapedJava>
  <property name="startLine">137</property>
  <property name="stepIndex">30</property>
</record>
<record>
  <date>2023-11-22T09:02:35.740041400Z</date>
  <millis>1700643755740</millis>
  <nanos>41400</nanos>
  <sequence>345</sequence>
  <level>PASSED</level>
  <class>com.kms.katalon.core.logging.XmlKeywordLogger</class>
  <method>logMessage</method>
  <thread>1</thread>
  <message>Browser is closed</message>
  <nestedLevel>1</nestedLevel>
  <escapedJava>false</escapedJava>
  <property name="testops-method-name">com.kms.katalon.core.webui.keyword.builtin.CloseBrowserKeyword.closeBrowser</property>
  <property name="testops-execution-stacktrace"></property>
</record>
<record>
  <date>2023-11-22T09:02:35.740041400Z</date>
  <millis>1700643755740</millis>
  <nanos>41400</nanos>
  <sequence>346</sequence>
  <level>END</level>
  <class>com.kms.katalon.core.logging.XmlKeywordLogger</class>
  <method>endKeyword</method>
  <thread>1</thread>
  <message>End action : closeBrowser()</message>
  <nestedLevel>1</nestedLevel>
  <escapedJava>false</escapedJava>
</record>
<record>
  <date>2023-11-22T09:02:35.741041500Z</date>
  <millis>1700643755741</millis>
  <nanos>41500</nanos>
  <sequence>347</sequence>
  <level>PASSED</level>
  <class>com.kms.katalon.core.logging.XmlKeywordLogger</class>
  <method>logMessage</method>
  <thread>1</thread>
  <message>Test Cases/Senior/Senior_Signup_Type</message>
  <nestedLevel>1</nestedLevel>
  <escapedJava>false</escapedJava>
</record>
<record>
  <date>2023-11-22T09:02:35.742041600Z</date>
  <millis>1700643755742</millis>
  <nanos>41600</nanos>
  <sequence>348</sequence>
  <level>END</level>
  <class>com.kms.katalon.core.logging.XmlKeywordLogger</class>
  <method>endTest</method>
  <thread>1</thread>
  <message>End Test Case : Test Cases/Senior/Senior_Signup_Type</message>
  <nestedLevel>0</nestedLevel>
  <escapedJava>false</escapedJava>
  <property name="executionBindingVariables">[
  {
    &quot;displayReportName&quot;: &quot;UserName&quot;,
    &quot;value&quot;: &quot;Palak&quot;,
    &quot;name&quot;: &quot;UserName&quot;,
    &quot;masked&quot;: false
  },
  {
    &quot;displayReportName&quot;: &quot;ZipCode&quot;,
    &quot;value&quot;: &quot;464646&quot;,
    &quot;name&quot;: &quot;ZipCode&quot;,
    &quot;masked&quot;: false
  },
  {
    &quot;displayReportName&quot;: &quot;Email&quot;,
    &quot;value&quot;: &quot;pgpalak207@gmail.com&quot;,
    &quot;name&quot;: &quot;Email&quot;,
    &quot;masked&quot;: false
  },
  {
    &quot;displayReportName&quot;: &quot;Password&quot;,
    &quot;value&quot;: &quot;Test@123&quot;,
    &quot;name&quot;: &quot;Password&quot;,
    &quot;masked&quot;: false
  },
  {
    &quot;displayReportName&quot;: &quot;Profile&quot;,
    &quot;value&quot;: &quot;Greetings, I\u0027m Palak, a seasoned explorer in the journey of life, joyfully celebrating my 58 years of existence. With a background in environmental science, I dedicated decades to understanding and preserving the natural world. Beyond scientific pursuits, I find solace in the rhythm of pottery, shaping clay into intricate forms, and the therapeutic art of cooking. In a companion, I seek someone who shares my passion for environmental conservation and has an appreciation for the creative blend of artistry and sustainable living. Health-wise, I\u0027ve faced challenges with asthma, but with careful management and regular breathing exercises, I continue to pursue my passions with vigor. Life has been a captivating adventure, and I look forward to molding new experiences with a like-minded soul who appreciates the beauty of nature and the creativity of the human spirit.&quot;,
    &quot;name&quot;: &quot;Profile&quot;,
    &quot;masked&quot;: false
  },
  {
    &quot;displayReportName&quot;: &quot;EducationNew&quot;,
    &quot;value&quot;: &quot;With a background in environmental science, I dedicated decades to understanding and preserving the natural world.&quot;,
    &quot;name&quot;: &quot;EducationNew&quot;,
    &quot;masked&quot;: false
  },
  {
    &quot;displayReportName&quot;: &quot;HobbiesNew&quot;,
    &quot;value&quot;: &quot; Beyond scientific pursuits, I find solace in the rhythm of pottery, shaping clay into intricate forms, and the therapeutic art of cooking.&quot;,
    &quot;name&quot;: &quot;HobbiesNew&quot;,
    &quot;masked&quot;: false
  },
  {
    &quot;displayReportName&quot;: &quot;ExpectationsNew&quot;,
    &quot;value&quot;: &quot;In a companion, I seek someone who shares my passion for environmental conservation and has an appreciation for the creative blend of artistry and sustainable living.&quot;,
    &quot;name&quot;: &quot;ExpectationsNew&quot;,
    &quot;masked&quot;: false
  },
  {
    &quot;displayReportName&quot;: &quot;OtherNew&quot;,
    &quot;value&quot;: &quot; Health-wise, I\u0027ve faced challenges with asthma, but with careful management and regular breathing exercises, I continue to pursue my passions with vigor. Life has been a captivating adventure, and I look forward to molding new experiences with a like-minded soul who appreciates the beauty of nature and the creativity of the human spirit.&quot;,
    &quot;name&quot;: &quot;OtherNew&quot;,
    &quot;masked&quot;: false
  }
]</property>
  <property name="applitools">false</property>
  <property name="remainingRetryCount">3</property>
  <property name="currentRetryCount">0</property>
  <property name="keywordsUsage">{
  &quot;web_ui&quot;: true,
  &quot;web_service&quot;: false,
  &quot;cucumber&quot;: false,
  &quot;builtin&quot;: true,
  &quot;mobile&quot;: false,
  &quot;windows&quot;: false,
  &quot;testng&quot;: false
}</property>
</record>
<record>
  <date>2023-11-22T09:02:35.846953900Z</date>
  <millis>1700643755846</millis>
  <nanos>953900</nanos>
  <sequence>349</sequence>
  <level>START</level>
  <class>com.kms.katalon.core.logging.XmlKeywordLogger</class>
  <method>startTest</method>
  <thread>1</thread>
  <message>Start Test Case : Test Cases/Senior/Senior_Signup_Type</message>
  <nestedLevel>1</nestedLevel>
  <escapedJava>false</escapedJava>
  <property name="remainingRetryCount">3</property>
  <property name="name">Test Cases/Senior/Senior_Signup_Type</property>
  <property name="description"></property>
  <property name="iteration"></property>
  <property name="id">Test Cases/Senior/Senior_Signup_Type</property>
  <property name="source">C:\Users\PalakGupta\OneDrive - pursuit software development pvt. ltd\Desktop\Automation_CaringConnection\Test Cases\Senior\Senior_Signup_Type.tc</property>
  <property name="tag"></property>
  <property name="isOptional">false</property>
  <property name="currentRetryCount">0</property>
</record>
<record>
  <date>2023-11-22T09:02:35.866324800Z</date>
  <millis>1700643755866</millis>
  <nanos>324800</nanos>
  <sequence>351</sequence>
  <level>INFO</level>
  <class>com.kms.katalon.core.logging.XmlKeywordLogger</class>
  <method>logMessage</method>
  <thread>1</thread>
  <message>UserName = Shresth</message>
  <nestedLevel>1</nestedLevel>
  <escapedJava>false</escapedJava>
</record>
<record>
  <date>2023-11-22T09:02:35.867625700Z</date>
  <millis>1700643755867</millis>
  <nanos>625700</nanos>
  <sequence>352</sequence>
  <level>INFO</level>
  <class>com.kms.katalon.core.logging.XmlKeywordLogger</class>
  <method>logMessage</method>
  <thread>1</thread>
  <message>ZipCode = 464646</message>
  <nestedLevel>1</nestedLevel>
  <escapedJava>false</escapedJava>
</record>
<record>
  <date>2023-11-22T09:02:35.867625700Z</date>
  <millis>1700643755867</millis>
  <nanos>625700</nanos>
  <sequence>353</sequence>
  <level>INFO</level>
  <class>com.kms.katalon.core.logging.XmlKeywordLogger</class>
  <method>logMessage</method>
  <thread>1</thread>
  <message>Email = shresth207@gmail.com</message>
  <nestedLevel>1</nestedLevel>
  <escapedJava>false</escapedJava>
</record>
<record>
  <date>2023-11-22T09:02:35.867625700Z</date>
  <millis>1700643755867</millis>
  <nanos>625700</nanos>
  <sequence>354</sequence>
  <level>INFO</level>
  <class>com.kms.katalon.core.logging.XmlKeywordLogger</class>
  <method>logMessage</method>
  <thread>1</thread>
  <message>Password = Test@124</message>
  <nestedLevel>1</nestedLevel>
  <escapedJava>false</escapedJava>
</record>
<record>
  <date>2023-11-22T09:02:35.868624500Z</date>
  <millis>1700643755868</millis>
  <nanos>624500</nanos>
  <sequence>355</sequence>
  <level>INFO</level>
  <class>com.kms.katalon.core.logging.XmlKeywordLogger</class>
  <method>logMessage</method>
  <thread>1</thread>
  <message>Profile = Greetings, I&amp;apos;m Shresth, a seasoned explorer in the journey of life, joyfully celebrating my 58 years of existence. With a background in astrophysics, I dedicated decades to exploring the mysteries of the universe. Beyond scientific pursuits, I find solace in the world of music, playing the piano and composing melodies that resonate with the cosmos. In a companion, I seek someone who shares my passion for stargazing and the wonders of the universe. Health-wise, I&amp;apos;ve faced challenges with arthritis, but with regular physiotherapy and a balanced lifestyle, I continue to pursue my passions with vigor. Life has been a captivating adventure, and I look forward to crafting new experiences with a like-minded soul who appreciates the beauty of the cosmos and the art of music.</message>
  <nestedLevel>1</nestedLevel>
  <escapedJava>false</escapedJava>
</record>
<record>
  <date>2023-11-22T09:02:35.868624500Z</date>
  <millis>1700643755868</millis>
  <nanos>624500</nanos>
  <sequence>356</sequence>
  <level>INFO</level>
  <class>com.kms.katalon.core.logging.XmlKeywordLogger</class>
  <method>logMessage</method>
  <thread>1</thread>
  <message>EducationNew =  With a background in astrophysics, I dedicated decades to exploring the mysteries of the universe.</message>
  <nestedLevel>1</nestedLevel>
  <escapedJava>false</escapedJava>
</record>
<record>
  <date>2023-11-22T09:02:35.868624500Z</date>
  <millis>1700643755868</millis>
  <nanos>624500</nanos>
  <sequence>357</sequence>
  <level>INFO</level>
  <class>com.kms.katalon.core.logging.XmlKeywordLogger</class>
  <method>logMessage</method>
  <thread>1</thread>
  <message>HobbiesNew = eyond scientific pursuits, I find solace in the world of music, playing the piano and composing melodies that resonate with the cosmos.</message>
  <nestedLevel>1</nestedLevel>
  <escapedJava>false</escapedJava>
</record>
<record>
  <date>2023-11-22T09:02:35.868624500Z</date>
  <millis>1700643755868</millis>
  <nanos>624500</nanos>
  <sequence>358</sequence>
  <level>INFO</level>
  <class>com.kms.katalon.core.logging.XmlKeywordLogger</class>
  <method>logMessage</method>
  <thread>1</thread>
  <message>ExpectationsNew =  In a companion, I seek someone who shares my passion for stargazing and the wonders of the universe.</message>
  <nestedLevel>1</nestedLevel>
  <escapedJava>false</escapedJava>
</record>
<record>
  <date>2023-11-22T09:02:35.869911800Z</date>
  <millis>1700643755869</millis>
  <nanos>911800</nanos>
  <sequence>359</sequence>
  <level>INFO</level>
  <class>com.kms.katalon.core.logging.XmlKeywordLogger</class>
  <method>logMessage</method>
  <thread>1</thread>
  <message>OtherNew = Health-wise, I&amp;apos;ve faced challenges with arthritis, but with regular physiotherapy and a balanced lifestyle, I continue to pursue my passions with vigor. Life has been a captivating adventure, and I look forward to crafting new experiences with a like-minded soul who appreciates the beauty of the cosmos and the art of music.</message>
  <nestedLevel>1</nestedLevel>
  <escapedJava>false</escapedJava>
</record>
<record>
  <date>2023-11-22T09:02:35.873088500Z</date>
  <millis>1700643755873</millis>
  <nanos>88500</nanos>
  <sequence>360</sequence>
  <level>START</level>
  <class>com.kms.katalon.core.logging.XmlKeywordLogger</class>
  <method>startKeyword</method>
  <thread>1</thread>
  <message>Start action : openBrowser(&amp;quot;https://caring-connections-qa.azurewebsites.net/&amp;quot;)</message>
  <nestedLevel>1</nestedLevel>
  <escapedJava>false</escapedJava>
  <property name="startLine">42</property>
  <property name="stepIndex">1</property>
</record>
<record>
  <date>2023-11-22T09:02:35.877473Z</date>
  <millis>1700643755877</millis>
  <nanos>473000</nanos>
  <sequence>362</sequence>
  <level>INFO</level>
  <class>com.kms.katalon.core.logging.XmlKeywordLogger</class>
  <method>logMessage</method>
  <thread>1</thread>
  <message>Starting &amp;apos;Chrome&amp;apos; driver</message>
  <nestedLevel>1</nestedLevel>
  <escapedJava>false</escapedJava>
</record>
<record>
  <date>2023-11-22T09:02:35.880926200Z</date>
  <millis>1700643755880</millis>
  <nanos>926200</nanos>
  <sequence>364</sequence>
  <level>INFO</level>
  <class>com.kms.katalon.core.logging.XmlKeywordLogger</class>
  <method>logMessage</method>
  <thread>1</thread>
  <message>Action delay is set to 0 milliseconds</message>
  <nestedLevel>1</nestedLevel>
  <escapedJava>false</escapedJava>
</record>
<record>
  <date>2023-11-22T09:02:36.587056300Z</date>
  <millis>1700643756587</millis>
  <nanos>56300</nanos>
  <sequence>366</sequence>
  <level>RUN_DATA</level>
  <class>com.kms.katalon.core.logging.XmlKeywordLogger</class>
  <method>logMessage</method>
  <thread>1</thread>
  <message>sessionId = a2163421477a1b99eced4386b7fe18de</message>
  <nestedLevel>1</nestedLevel>
  <escapedJava>false</escapedJava>
  <property name="sessionId">a2163421477a1b99eced4386b7fe18de</property>
</record>
<record>
  <date>2023-11-22T09:02:36.596205Z</date>
  <millis>1700643756596</millis>
  <nanos>205000</nanos>
  <sequence>367</sequence>
  <level>RUN_DATA</level>
  <class>com.kms.katalon.core.logging.XmlKeywordLogger</class>
  <method>logMessage</method>
  <thread>1</thread>
  <message>browser = Chrome 119.0.0.0</message>
  <nestedLevel>1</nestedLevel>
  <escapedJava>false</escapedJava>
  <property name="browser">Chrome 119.0.0.0</property>
</record>
<record>
  <date>2023-11-22T09:02:36.597387900Z</date>
  <millis>1700643756597</millis>
  <nanos>387900</nanos>
  <sequence>368</sequence>
  <level>RUN_DATA</level>
  <class>com.kms.katalon.core.logging.XmlKeywordLogger</class>
  <method>logMessage</method>
  <thread>1</thread>
  <message>platform = Windows 11</message>
  <nestedLevel>1</nestedLevel>
  <escapedJava>false</escapedJava>
  <property name="platform">Windows 11</property>
</record>
<record>
  <date>2023-11-22T09:02:36.597387900Z</date>
  <millis>1700643756597</millis>
  <nanos>387900</nanos>
  <sequence>369</sequence>
  <level>RUN_DATA</level>
  <class>com.kms.katalon.core.logging.XmlKeywordLogger</class>
  <method>logMessage</method>
  <thread>1</thread>
  <message>seleniumVersion = 3.141.59</message>
  <nestedLevel>1</nestedLevel>
  <escapedJava>false</escapedJava>
  <property name="seleniumVersion">3.141.59</property>
</record>
<record>
  <date>2023-11-22T09:02:36.599387700Z</date>
  <millis>1700643756599</millis>
  <nanos>387700</nanos>
  <sequence>370</sequence>
  <level>RUN_DATA</level>
  <class>com.kms.katalon.core.logging.XmlKeywordLogger</class>
  <method>logMessage</method>
  <thread>1</thread>
  <message>proxyInformation = ProxyInformation { proxyOption=NO_PROXY, proxyServerType=HTTP, username=, password=********, proxyServerAddress=, proxyServerPort=0, executionList=&amp;quot;&amp;quot;, isApplyToDesiredCapabilities=true }</message>
  <nestedLevel>1</nestedLevel>
  <escapedJava>false</escapedJava>
  <property name="proxyInformation">ProxyInformation { proxyOption=NO_PROXY, proxyServerType=HTTP, username=, password=********, proxyServerAddress=, proxyServerPort=0, executionList=&quot;&quot;, isApplyToDesiredCapabilities=true }</property>
</record>
